<coverage line-rate="0.50">
    <packages>
        <package line-rate="0.50" name="com.github.codacy">
            <classes>
                <class line-rate="0.75" name="TestSourceFile1" filename="src/test/resources/TestSourceFile1.scala">
                    <methods/>
                    <lines>
                        <line number="4" hits="1"/>
                        <line number="5" hits="1"/>
                        <line number="6" hits="0"/>
                        <line number="7" hits="2"/>
                    </lines>
                </class>
                <class line-rate="0.6667" name="TestSourceFile2" filename="src/test/resources/TestSourceFile2.scala">
                    <methods/>
                    <lines>
                        <line number="5" hits="0"/>
                        <line number="9" hits="1"/>
                        <line number="10" hits="1"/>
                    </lines>
                </class>
                <class line-rate="0.20" name="TestSourceFile3" filename="src/test/resources/TestSourceFile3.scala">
                    <methods/>
                    <lines>
                        <line number="1" hits="0"/>
                        <line number="2" hits="1"/>
                        <line number="3" hits="0"/>
                        <line number="4" hits="0"/>
                        <line number="7" hits="0"/>
                    </lines>
                </class>
            </classes>
        </package>
    </packages>
</coverage>
